<?xml version="1.0" encoding="UTF-8"?>
<testng-results ignored="0" total="1" passed="1" failed="0" skipped="0">
  <reporter-output>
  </reporter-output>
  <suite started-at="2021-04-17T15:38:00Z" name="Default suite" finished-at="2021-04-17T15:38:31Z" duration-ms="30694">
    <groups>
    </groups>
    <test started-at="2021-04-17T15:38:00Z" name="Default test" finished-at="2021-04-17T15:38:31Z" duration-ms="30694">
      <class name="TestScripts.SearchByAssignedTo">
        <test-method is-config="true" signature="beforesuite()[pri:0, instance:TestScripts.SearchByAssignedTo@6a2b953e]" started-at="2021-04-17T15:38:00Z" name="beforesuite" finished-at="2021-04-17T15:38:00Z" duration-ms="29" status="PASS">
          <reporter-output>
          </reporter-output>
        </test-method> <!-- beforesuite -->
        <test-method is-config="true" signature="launchBrowser()[pri:0, instance:TestScripts.SearchByAssignedTo@6a2b953e]" started-at="2021-04-17T15:38:00Z" name="launchBrowser" finished-at="2021-04-17T15:38:12Z" duration-ms="12324" status="PASS">
          <reporter-output>
          </reporter-output>
        </test-method> <!-- launchBrowser -->
        <test-method is-config="true" signature="logintoapp()[pri:0, instance:TestScripts.SearchByAssignedTo@6a2b953e]" started-at="2021-04-17T15:38:12Z" name="logintoapp" finished-at="2021-04-17T15:38:18Z" duration-ms="6064" status="PASS">
          <reporter-output>
          </reporter-output>
        </test-method> <!-- logintoapp -->
        <test-method signature="searchByAssignedTo()[pri:0, instance:TestScripts.SearchByAssignedTo@6a2b953e]" started-at="2021-04-17T15:38:18Z" name="searchByAssignedTo" finished-at="2021-04-17T15:38:27Z" duration-ms="8206" status="PASS">
          <reporter-output>
          </reporter-output>
        </test-method> <!-- searchByAssignedTo -->
        <test-method is-config="true" signature="logoutfromApp()[pri:0, instance:TestScripts.SearchByAssignedTo@6a2b953e]" started-at="2021-04-17T15:38:27Z" name="logoutfromApp" finished-at="2021-04-17T15:38:29Z" duration-ms="2867" status="PASS">
          <reporter-output>
          </reporter-output>
        </test-method> <!-- logoutfromApp -->
        <test-method is-config="true" signature="closeBrowser()[pri:0, instance:TestScripts.SearchByAssignedTo@6a2b953e]" started-at="2021-04-17T15:38:29Z" name="closeBrowser" finished-at="2021-04-17T15:38:31Z" duration-ms="1173" status="PASS">
          <reporter-output>
          </reporter-output>
        </test-method> <!-- closeBrowser -->
        <test-method is-config="true" signature="afterSuite()[pri:0, instance:TestScripts.SearchByAssignedTo@6a2b953e]" started-at="2021-04-17T15:38:31Z" name="afterSuite" finished-at="2021-04-17T15:38:31Z" duration-ms="1" status="PASS">
          <reporter-output>
          </reporter-output>
        </test-method> <!-- afterSuite -->
      </class> <!-- TestScripts.SearchByAssignedTo -->
    </test> <!-- Default test -->
  </suite> <!-- Default suite -->
</testng-results>
