<?xml version="1.0" encoding="UTF-8"?>
<testng-results ignored="0" total="1" passed="1" failed="0" skipped="0">
  <reporter-output>
  </reporter-output>
  <suite started-at="2021-04-18T06:57:40Z" name="Default suite" finished-at="2021-04-18T06:58:59Z" duration-ms="78933">
    <groups>
    </groups>
    <test started-at="2021-04-18T06:57:40Z" name="Default test" finished-at="2021-04-18T06:58:59Z" duration-ms="78933">
      <class name="TestScripts.SearchByExpectedRevenue">
        <test-method is-config="true" signature="beforesuite()[pri:0, instance:TestScripts.SearchByExpectedRevenue@6a2b953e]" started-at="2021-04-18T06:57:40Z" name="beforesuite" finished-at="2021-04-18T06:57:40Z" duration-ms="37" status="PASS">
          <reporter-output>
          </reporter-output>
        </test-method> <!-- beforesuite -->
        <test-method is-config="true" signature="launchBrowser()[pri:0, instance:TestScripts.SearchByExpectedRevenue@6a2b953e]" started-at="2021-04-18T06:57:40Z" name="launchBrowser" finished-at="2021-04-18T06:58:21Z" duration-ms="41145" status="PASS">
          <reporter-output>
          </reporter-output>
        </test-method> <!-- launchBrowser -->
        <test-method is-config="true" signature="logintoapp()[pri:0, instance:TestScripts.SearchByExpectedRevenue@6a2b953e]" started-at="2021-04-18T06:58:21Z" name="logintoapp" finished-at="2021-04-18T06:58:33Z" duration-ms="11540" status="PASS">
          <reporter-output>
          </reporter-output>
        </test-method> <!-- logintoapp -->
        <test-method signature="searchByExpectedRevenue()[pri:0, instance:TestScripts.SearchByExpectedRevenue@6a2b953e]" started-at="2021-04-18T06:58:33Z" name="searchByExpectedRevenue" finished-at="2021-04-18T06:58:51Z" duration-ms="18269" status="PASS">
          <reporter-output>
          </reporter-output>
        </test-method> <!-- searchByExpectedRevenue -->
        <test-method is-config="true" signature="logoutfromApp()[pri:0, instance:TestScripts.SearchByExpectedRevenue@6a2b953e]" started-at="2021-04-18T06:58:51Z" name="logoutfromApp" finished-at="2021-04-18T06:58:57Z" duration-ms="6266" status="PASS">
          <reporter-output>
          </reporter-output>
        </test-method> <!-- logoutfromApp -->
        <test-method is-config="true" signature="closeBrowser()[pri:0, instance:TestScripts.SearchByExpectedRevenue@6a2b953e]" started-at="2021-04-18T06:58:57Z" name="closeBrowser" finished-at="2021-04-18T06:58:59Z" duration-ms="1658" status="PASS">
          <reporter-output>
          </reporter-output>
        </test-method> <!-- closeBrowser -->
        <test-method is-config="true" signature="afterSuite()[pri:0, instance:TestScripts.SearchByExpectedRevenue@6a2b953e]" started-at="2021-04-18T06:58:59Z" name="afterSuite" finished-at="2021-04-18T06:58:59Z" duration-ms="1" status="PASS">
          <reporter-output>
          </reporter-output>
        </test-method> <!-- afterSuite -->
      </class> <!-- TestScripts.SearchByExpectedRevenue -->
    </test> <!-- Default test -->
  </suite> <!-- Default suite -->
</testng-results>
